This file contains any messages produced by compilers while
running configure, to aid debugging if configure makes a mistake.

It was created by configure, which was
generated by GNU Autoconf 2.69.  Invocation command line was

  $ ./configure --disable-option-checking --prefix=/usr --build x86_64-linux-gnu --mandir=${prefix}/share/man --infodir=${prefix}/share/info CFLAGS= build_alias=x86_64-linux-gnu --cache-file=/dev/null --srcdir=.

## --------- ##
## Platform. ##
## --------- ##

hostname = darkboia
uname -m = x86_64
uname -r = 3.13-1-amd64
uname -s = Linux
uname -v = #1 SMP Debian 3.13.10-1 (2014-04-15)

/usr/bin/uname -p = unknown
/bin/uname -X     = unknown

/bin/arch              = unknown
/usr/bin/arch -k       = unknown
/usr/convex/getsysinfo = unknown
/usr/bin/hostinfo      = unknown
/bin/machine           = unknown
/usr/bin/oslevel       = unknown
/bin/universe          = unknown

PATH: /usr/sbin
PATH: /usr/bin
PATH: /sbin
PATH: /bin
PATH: /usr/bin/X11


## ----------- ##
## Core tests. ##
## ----------- ##

configure:2621: checking for a BSD-compatible install
configure:2689: result: /usr/bin/install -c
configure:2700: checking whether build environment is sane
configure:2737: result: yes
configure:2799: checking for gawk
configure:2815: found /usr/bin/gawk
configure:2826: result: gawk
configure:2837: checking whether make sets $(MAKE)
configure:2859: result: yes
configure:3182: checking for gcc
configure:3198: found /usr/bin/gcc
configure:3209: result: gcc
configure:3438: checking for C compiler version
configure:3447: gcc --version >&5
gcc (Debian 4.8.2-21) 4.8.2
Copyright (C) 2013 Free Software Foundation, Inc.
This is free software; see the source for copying conditions.  There is NO
warranty; not even for MERCHANTABILITY or FITNESS FOR A PARTICULAR PURPOSE.

configure:3458: $? = 0
configure:3447: gcc -v >&5
Using built-in specs.
COLLECT_GCC=gcc
COLLECT_LTO_WRAPPER=/usr/lib/gcc/x86_64-linux-gnu/4.8/lto-wrapper
Target: x86_64-linux-gnu
Configured with: ../src/configure -v --with-pkgversion='Debian 4.8.2-21' --with-bugurl=file:///usr/share/doc/gcc-4.8/README.Bugs --enable-languages=c,c++,java,go,d,fortran,objc,obj-c++ --prefix=/usr --program-suffix=-4.8 --enable-shared --enable-linker-build-id --libexecdir=/usr/lib --without-included-gettext --enable-threads=posix --with-gxx-include-dir=/usr/include/c++/4.8 --libdir=/usr/lib --enable-nls --with-sysroot=/ --enable-clocale=gnu --enable-libstdcxx-debug --enable-libstdcxx-time=yes --enable-gnu-unique-object --disable-libmudflap --enable-plugin --with-system-zlib --disable-browser-plugin --enable-java-awt=gtk --enable-gtk-cairo --with-java-home=/usr/lib/jvm/java-1.5.0-gcj-4.8-amd64/jre --enable-java-home --with-jvm-root-dir=/usr/lib/jvm/java-1.5.0-gcj-4.8-amd64 --with-jvm-jar-dir=/usr/lib/jvm-exports/java-1.5.0-gcj-4.8-amd64 --with-arch-directory=amd64 --with-ecj-jar=/usr/share/java/eclipse-ecj.jar --enable-objc-gc --enable-multiarch --with-arch-32=i586 --with-abi=m64 --with-multilib-list=m32,m64,mx32 --with-tune=generic --enable-checking=release --build=x86_64-linux-gnu --host=x86_64-linux-gnu --target=x86_64-linux-gnu
Thread model: posix
gcc version 4.8.2 (Debian 4.8.2-21) 
configure:3458: $? = 0
configure:3447: gcc -V >&5
gcc: error: unrecognized command line option '-V'
gcc: fatal error: no input files
compilation terminated.
configure:3458: $? = 4
configure:3447: gcc -qversion >&5
gcc: error: unrecognized command line option '-qversion'
gcc: fatal error: no input files
compilation terminated.
configure:3458: $? = 4
configure:3478: checking whether the C compiler works
configure:3500: gcc    conftest.c  >&5
configure:3504: $? = 0
configure:3552: result: yes
configure:3555: checking for C compiler default output file name
configure:3557: result: a.out
configure:3563: checking for suffix of executables
configure:3570: gcc -o conftest    conftest.c  >&5
configure:3574: $? = 0
configure:3596: result: 
configure:3618: checking whether we are cross compiling
configure:3626: gcc -o conftest    conftest.c  >&5
configure:3630: $? = 0
configure:3637: ./conftest
configure:3641: $? = 0
configure:3656: result: no
configure:3661: checking for suffix of object files
configure:3683: gcc -c   conftest.c >&5
configure:3687: $? = 0
configure:3708: result: o
configure:3712: checking whether we are using the GNU C compiler
configure:3731: gcc -c   conftest.c >&5
configure:3731: $? = 0
configure:3740: result: yes
configure:3749: checking whether gcc accepts -g
configure:3769: gcc -c -g  conftest.c >&5
configure:3769: $? = 0
configure:3810: result: yes
configure:3827: checking for gcc option to accept ISO C89
configure:3890: gcc  -c   conftest.c >&5
configure:3890: $? = 0
configure:3903: result: none needed
configure:3934: checking for style of include used by make
configure:3962: result: GNU
configure:3990: checking dependency style of gcc
configure:4080: result: gcc3
configure:4098: checking whether ln -s works
configure:4102: result: yes
configure:4109: checking whether make sets $(MAKE)
configure:4131: result: yes
configure:4217: checking build system type
configure:4231: result: x86_64-pc-linux-gnu
configure:4251: checking host system type
configure:4264: result: x86_64-pc-linux-gnu
configure:4284: checking for a sed that does not truncate output
configure:4338: result: /bin/sed
configure:4341: checking for grep that handles long lines and -e
configure:4399: result: /bin/grep
configure:4404: checking for egrep
configure:4466: result: /bin/grep -E
configure:4482: checking for ld used by gcc
configure:4549: result: /usr/bin/ld
configure:4556: checking if the linker (/usr/bin/ld) is GNU ld
configure:4571: result: yes
configure:4576: checking for /usr/bin/ld option to reload object files
configure:4583: result: -r
configure:4601: checking for BSD-compatible nm
configure:4650: result: /usr/bin/nm -B
configure:4654: checking how to recognise dependent libraries
configure:4830: result: pass_all
configure:4918: gcc -c   conftest.c >&5
configure:4921: $? = 0
configure:5039: checking how to run the C preprocessor
configure:5070: gcc -E  conftest.c
configure:5070: $? = 0
configure:5084: gcc -E  conftest.c
conftest.c:11:28: fatal error: ac_nonexistent.h: No such file or directory
 #include <ac_nonexistent.h>
                            ^
compilation terminated.
configure:5084: $? = 1
configure: failed program was:
| /* confdefs.h */
| #define PACKAGE_NAME ""
| #define PACKAGE_TARNAME ""
| #define PACKAGE_VERSION ""
| #define PACKAGE_STRING ""
| #define PACKAGE_BUGREPORT ""
| #define PACKAGE_URL ""
| #define PACKAGE "libxmms"
| #define VERSION "4.1.3"
| /* end confdefs.h.  */
| #include <ac_nonexistent.h>
configure:5109: result: gcc -E
configure:5129: gcc -E  conftest.c
configure:5129: $? = 0
configure:5143: gcc -E  conftest.c
conftest.c:11:28: fatal error: ac_nonexistent.h: No such file or directory
 #include <ac_nonexistent.h>
                            ^
compilation terminated.
configure:5143: $? = 1
configure: failed program was:
| /* confdefs.h */
| #define PACKAGE_NAME ""
| #define PACKAGE_TARNAME ""
| #define PACKAGE_VERSION ""
| #define PACKAGE_STRING ""
| #define PACKAGE_BUGREPORT ""
| #define PACKAGE_URL ""
| #define PACKAGE "libxmms"
| #define VERSION "4.1.3"
| /* end confdefs.h.  */
| #include <ac_nonexistent.h>
configure:5172: checking for ANSI C header files
configure:5192: gcc -c   conftest.c >&5
configure:5192: $? = 0
configure:5265: gcc -o conftest    conftest.c  >&5
configure:5265: $? = 0
configure:5265: ./conftest
configure:5265: $? = 0
configure:5276: result: yes
configure:5289: checking for sys/types.h
configure:5289: gcc -c   conftest.c >&5
configure:5289: $? = 0
configure:5289: result: yes
configure:5289: checking for sys/stat.h
configure:5289: gcc -c   conftest.c >&5
configure:5289: $? = 0
configure:5289: result: yes
configure:5289: checking for stdlib.h
configure:5289: gcc -c   conftest.c >&5
configure:5289: $? = 0
configure:5289: result: yes
configure:5289: checking for string.h
configure:5289: gcc -c   conftest.c >&5
configure:5289: $? = 0
configure:5289: result: yes
configure:5289: checking for memory.h
configure:5289: gcc -c   conftest.c >&5
configure:5289: $? = 0
configure:5289: result: yes
configure:5289: checking for strings.h
configure:5289: gcc -c   conftest.c >&5
configure:5289: $? = 0
configure:5289: result: yes
configure:5289: checking for inttypes.h
configure:5289: gcc -c   conftest.c >&5
configure:5289: $? = 0
configure:5289: result: yes
configure:5289: checking for stdint.h
configure:5289: gcc -c   conftest.c >&5
configure:5289: $? = 0
configure:5289: result: yes
configure:5289: checking for unistd.h
configure:5289: gcc -c   conftest.c >&5
configure:5289: $? = 0
configure:5289: result: yes
configure:5303: checking dlfcn.h usability
configure:5303: gcc -c   conftest.c >&5
configure:5303: $? = 0
configure:5303: result: yes
configure:5303: checking dlfcn.h presence
configure:5303: gcc -E  conftest.c
configure:5303: $? = 0
configure:5303: result: yes
configure:5303: checking for dlfcn.h
configure:5303: result: yes
configure:5371: checking for g++
configure:5387: found /usr/bin/g++
configure:5398: result: g++
configure:5425: checking for C++ compiler version
configure:5434: g++ --version >&5
g++ (Debian 4.8.2-21) 4.8.2
Copyright (C) 2013 Free Software Foundation, Inc.
This is free software; see the source for copying conditions.  There is NO
warranty; not even for MERCHANTABILITY or FITNESS FOR A PARTICULAR PURPOSE.

configure:5445: $? = 0
configure:5434: g++ -v >&5
Using built-in specs.
COLLECT_GCC=g++
COLLECT_LTO_WRAPPER=/usr/lib/gcc/x86_64-linux-gnu/4.8/lto-wrapper
Target: x86_64-linux-gnu
Configured with: ../src/configure -v --with-pkgversion='Debian 4.8.2-21' --with-bugurl=file:///usr/share/doc/gcc-4.8/README.Bugs --enable-languages=c,c++,java,go,d,fortran,objc,obj-c++ --prefix=/usr --program-suffix=-4.8 --enable-shared --enable-linker-build-id --libexecdir=/usr/lib --without-included-gettext --enable-threads=posix --with-gxx-include-dir=/usr/include/c++/4.8 --libdir=/usr/lib --enable-nls --with-sysroot=/ --enable-clocale=gnu --enable-libstdcxx-debug --enable-libstdcxx-time=yes --enable-gnu-unique-object --disable-libmudflap --enable-plugin --with-system-zlib --disable-browser-plugin --enable-java-awt=gtk --enable-gtk-cairo --with-java-home=/usr/lib/jvm/java-1.5.0-gcj-4.8-amd64/jre --enable-java-home --with-jvm-root-dir=/usr/lib/jvm/java-1.5.0-gcj-4.8-amd64 --with-jvm-jar-dir=/usr/lib/jvm-exports/java-1.5.0-gcj-4.8-amd64 --with-arch-directory=amd64 --with-ecj-jar=/usr/share/java/eclipse-ecj.jar --enable-objc-gc --enable-multiarch --with-arch-32=i586 --with-abi=m64 --with-multilib-list=m32,m64,mx32 --with-tune=generic --enable-checking=release --build=x86_64-linux-gnu --host=x86_64-linux-gnu --target=x86_64-linux-gnu
Thread model: posix
gcc version 4.8.2 (Debian 4.8.2-21) 
configure:5445: $? = 0
configure:5434: g++ -V >&5
g++: error: unrecognized command line option '-V'
g++: fatal error: no input files
compilation terminated.
configure:5445: $? = 4
configure:5434: g++ -qversion >&5
g++: error: unrecognized command line option '-qversion'
g++: fatal error: no input files
compilation terminated.
configure:5445: $? = 4
configure:5449: checking whether we are using the GNU C++ compiler
configure:5468: g++ -c   conftest.cpp >&5
configure:5468: $? = 0
configure:5477: result: yes
configure:5486: checking whether g++ accepts -g
configure:5506: g++ -c -g  conftest.cpp >&5
configure:5506: $? = 0
configure:5547: result: yes
configure:5572: checking dependency style of g++
configure:5662: result: gcc3
configure:5689: checking how to run the C++ preprocessor
configure:5716: g++ -E  conftest.cpp
configure:5716: $? = 0
configure:5730: g++ -E  conftest.cpp
conftest.cpp:22:28: fatal error: ac_nonexistent.h: No such file or directory
 #include <ac_nonexistent.h>
                            ^
compilation terminated.
configure:5730: $? = 1
configure: failed program was:
| /* confdefs.h */
| #define PACKAGE_NAME ""
| #define PACKAGE_TARNAME ""
| #define PACKAGE_VERSION ""
| #define PACKAGE_STRING ""
| #define PACKAGE_BUGREPORT ""
| #define PACKAGE_URL ""
| #define PACKAGE "libxmms"
| #define VERSION "4.1.3"
| #define STDC_HEADERS 1
| #define HAVE_SYS_TYPES_H 1
| #define HAVE_SYS_STAT_H 1
| #define HAVE_STDLIB_H 1
| #define HAVE_STRING_H 1
| #define HAVE_MEMORY_H 1
| #define HAVE_STRINGS_H 1
| #define HAVE_INTTYPES_H 1
| #define HAVE_STDINT_H 1
| #define HAVE_UNISTD_H 1
| #define HAVE_DLFCN_H 1
| /* end confdefs.h.  */
| #include <ac_nonexistent.h>
configure:5755: result: g++ -E
configure:5775: g++ -E  conftest.cpp
configure:5775: $? = 0
configure:5789: g++ -E  conftest.cpp
conftest.cpp:22:28: fatal error: ac_nonexistent.h: No such file or directory
 #include <ac_nonexistent.h>
                            ^
compilation terminated.
configure:5789: $? = 1
configure: failed program was:
| /* confdefs.h */
| #define PACKAGE_NAME ""
| #define PACKAGE_TARNAME ""
| #define PACKAGE_VERSION ""
| #define PACKAGE_STRING ""
| #define PACKAGE_BUGREPORT ""
| #define PACKAGE_URL ""
| #define PACKAGE "libxmms"
| #define VERSION "4.1.3"
| #define STDC_HEADERS 1
| #define HAVE_SYS_TYPES_H 1
| #define HAVE_SYS_STAT_H 1
| #define HAVE_STDLIB_H 1
| #define HAVE_STRING_H 1
| #define HAVE_MEMORY_H 1
| #define HAVE_STRINGS_H 1
| #define HAVE_INTTYPES_H 1
| #define HAVE_STDINT_H 1
| #define HAVE_UNISTD_H 1
| #define HAVE_DLFCN_H 1
| /* end confdefs.h.  */
| #include <ac_nonexistent.h>
configure:5873: checking for g77
configure:5903: result: no
configure:5873: checking for xlf
configure:5903: result: no
configure:5873: checking for f77
configure:5903: result: no
configure:5873: checking for frt
configure:5903: result: no
configure:5873: checking for pgf77
configure:5903: result: no
configure:5873: checking for cf77
configure:5903: result: no
configure:5873: checking for fort77
configure:5903: result: no
configure:5873: checking for fl32
configure:5903: result: no
configure:5873: checking for af77
configure:5903: result: no
configure:5873: checking for xlf90
configure:5903: result: no
configure:5873: checking for f90
configure:5903: result: no
configure:5873: checking for pgf90
configure:5903: result: no
configure:5873: checking for pghpf
configure:5903: result: no
configure:5873: checking for epcf90
configure:5903: result: no
configure:5873: checking for gfortran
configure:5903: result: no
configure:5873: checking for g95
configure:5903: result: no
configure:5873: checking for xlf95
configure:5903: result: no
configure:5873: checking for f95
configure:5903: result: no
configure:5873: checking for fort
configure:5903: result: no
configure:5873: checking for ifort
configure:5903: result: no
configure:5873: checking for ifc
configure:5903: result: no
configure:5873: checking for efc
configure:5903: result: no
configure:5873: checking for pgfortran
configure:5903: result: no
configure:5873: checking for pgf95
configure:5903: result: no
configure:5873: checking for lf95
configure:5903: result: no
configure:5873: checking for ftn
configure:5903: result: no
configure:5873: checking for nagfor
configure:5903: result: no
configure:5926: checking for Fortran 77 compiler version
configure:5935:  --version >&5
./configure: line 5937: --version: command not found
configure:5946: $? = 127
configure:5935:  -v >&5
./configure: line 5937: -v: command not found
configure:5946: $? = 127
configure:5935:  -V >&5
./configure: line 5937: -V: command not found
configure:5946: $? = 127
configure:5935:  -qversion >&5
./configure: line 5937: -qversion: command not found
configure:5946: $? = 127
configure:5955: checking whether we are using the GNU Fortran 77 compiler
configure:5968:  -c  conftest.F >&5
./configure: line 2147: -c: command not found
configure:5968: $? = 127
configure: failed program was:
|       program main
| #ifndef __GNUC__
|        choke me
| #endif
| 
|       end
configure:5977: result: no
configure:5983: checking whether  accepts -g
configure:5994:  -c -g conftest.f >&5
./configure: line 2147: -c: command not found
configure:5994: $? = 127
configure: failed program was:
|       program main
| 
|       end
configure:6002: result: no
configure:6036: checking the maximum length of command line arguments
configure:6145: result: 32768
configure:6156: checking command to parse /usr/bin/nm -B output from gcc object
configure:6261: gcc -c   conftest.c >&5
configure:6264: $? = 0
configure:6268: /usr/bin/nm -B conftest.o \| sed -n -e 's/^.*[ 	]\([ABCDGIRSTW][ABCDGIRSTW]*\)[ 	][ 	]*\([_A-Za-z][_A-Za-z0-9]*\)$/\1 \2 \2/p' \> conftest.nm
configure:6271: $? = 0
configure:6323: gcc -o conftest    conftest.c conftstm.o >&5
configure:6326: $? = 0
configure:6364: result: ok
configure:6368: checking for objdir
configure:6383: result: .libs
configure:6475: checking for ar
configure:6491: found /usr/bin/ar
configure:6502: result: ar
configure:6567: checking for ranlib
configure:6583: found /usr/bin/ranlib
configure:6594: result: ranlib
configure:6659: checking for strip
configure:6675: found /usr/bin/strip
configure:6686: result: strip
configure:6972: checking if gcc supports -fno-rtti -fno-exceptions
configure:6990: gcc -c   -fno-rtti -fno-exceptions conftest.c >&5
cc1: warning: command line option '-fno-rtti' is valid for C++/ObjC++ but not for C [enabled by default]
configure:6994: $? = 0
configure:7007: result: no
configure:7022: checking for gcc option to produce PIC
configure:7232: result: -fPIC
configure:7240: checking if gcc PIC flag -fPIC works
configure:7258: gcc -c   -fPIC -DPIC conftest.c >&5
configure:7262: $? = 0
configure:7275: result: yes
configure:7303: checking if gcc static flag -static works
configure:7331: result: yes
configure:7341: checking if gcc supports -c -o file.o
configure:7362: gcc -c   -o out/conftest2.o conftest.c >&5
configure:7366: $? = 0
configure:7388: result: yes
configure:7414: checking whether the gcc linker (/usr/bin/ld -m elf_x86_64) supports shared libraries
configure:8315: result: yes
configure:8336: checking whether -lc should be explicitly linked in
configure:8341: gcc -c   conftest.c >&5
configure:8344: $? = 0
configure:8359: gcc -shared conftest.o  -v -Wl,-soname -Wl,conftest -o conftest 2\>\&1 \| grep  -lc  \>/dev/null 2\>\&1
configure:8362: $? = 0
configure:8374: result: no
configure:8382: checking dynamic linker characteristics
configure:8958: result: GNU/Linux ld.so
configure:8967: checking how to hardcode library paths into programs
configure:8992: result: immediate
configure:9006: checking whether stripping libraries is possible
configure:9011: result: yes
configure:9527: checking if libtool supports shared libraries
configure:9529: result: yes
configure:9532: checking whether to build shared libraries
configure:9553: result: yes
configure:9556: checking whether to build static libraries
configure:9560: result: yes
configure:9652: creating libtool
configure:10236: checking for ld used by g++
configure:10303: result: /usr/bin/ld -m elf_x86_64
configure:10310: checking if the linker (/usr/bin/ld -m elf_x86_64) is GNU ld
configure:10325: result: yes
configure:10376: checking whether the g++ linker (/usr/bin/ld -m elf_x86_64) supports shared libraries
configure:11256: result: yes
configure:11278: g++ -c -g -O2  conftest.cpp >&5
configure:11281: $? = 0
configure:11400: checking for g++ option to produce PIC
configure:11674: result: -fPIC
configure:11682: checking if g++ PIC flag -fPIC works
configure:11700: g++ -c -g -O2  -fPIC -DPIC conftest.cpp >&5
configure:11704: $? = 0
configure:11717: result: yes
configure:11745: checking if g++ static flag -static works
configure:11773: result: yes
configure:11783: checking if g++ supports -c -o file.o
configure:11804: g++ -c -g -O2  -o out/conftest2.o conftest.cpp >&5
configure:11808: $? = 0
configure:11830: result: yes
configure:11856: checking whether the g++ linker (/usr/bin/ld -m elf_x86_64) supports shared libraries
configure:11884: result: yes
configure:11951: checking dynamic linker characteristics
configure:12527: result: GNU/Linux ld.so
configure:12536: checking how to hardcode library paths into programs
configure:12561: result: immediate
configure:18628: checking whether byte ordering is bigendian
configure:18643: gcc -c   conftest.c >&5
conftest.c:23:9: error: unknown type name 'not'
         not a universal capable compiler
         ^
conftest.c:23:15: error: expected '=', ',', ';', 'asm' or '__attribute__' before 'universal'
         not a universal capable compiler
               ^
conftest.c:23:15: error: unknown type name 'universal'
configure:18643: $? = 1
configure: failed program was:
| /* confdefs.h */
| #define PACKAGE_NAME ""
| #define PACKAGE_TARNAME ""
| #define PACKAGE_VERSION ""
| #define PACKAGE_STRING ""
| #define PACKAGE_BUGREPORT ""
| #define PACKAGE_URL ""
| #define PACKAGE "libxmms"
| #define VERSION "4.1.3"
| #define STDC_HEADERS 1
| #define HAVE_SYS_TYPES_H 1
| #define HAVE_SYS_STAT_H 1
| #define HAVE_STDLIB_H 1
| #define HAVE_STRING_H 1
| #define HAVE_MEMORY_H 1
| #define HAVE_STRINGS_H 1
| #define HAVE_INTTYPES_H 1
| #define HAVE_STDINT_H 1
| #define HAVE_UNISTD_H 1
| #define HAVE_DLFCN_H 1
| /* end confdefs.h.  */
| #ifndef __APPLE_CC__
| 	       not a universal capable compiler
| 	     #endif
| 	     typedef int dummy;
| 
configure:18688: gcc -c   conftest.c >&5
configure:18688: $? = 0
configure:18706: gcc -c   conftest.c >&5
conftest.c: In function 'main':
conftest.c:29:4: error: unknown type name 'not'
    not big endian
    ^
conftest.c:29:12: error: expected '=', ',', ';', 'asm' or '__attribute__' before 'endian'
    not big endian
            ^
configure:18706: $? = 1
configure: failed program was:
| /* confdefs.h */
| #define PACKAGE_NAME ""
| #define PACKAGE_TARNAME ""
| #define PACKAGE_VERSION ""
| #define PACKAGE_STRING ""
| #define PACKAGE_BUGREPORT ""
| #define PACKAGE_URL ""
| #define PACKAGE "libxmms"
| #define VERSION "4.1.3"
| #define STDC_HEADERS 1
| #define HAVE_SYS_TYPES_H 1
| #define HAVE_SYS_STAT_H 1
| #define HAVE_STDLIB_H 1
| #define HAVE_STRING_H 1
| #define HAVE_MEMORY_H 1
| #define HAVE_STRINGS_H 1
| #define HAVE_INTTYPES_H 1
| #define HAVE_STDINT_H 1
| #define HAVE_UNISTD_H 1
| #define HAVE_DLFCN_H 1
| /* end confdefs.h.  */
| #include <sys/types.h>
| 		#include <sys/param.h>
| 
| int
| main ()
| {
| #if BYTE_ORDER != BIG_ENDIAN
| 		 not big endian
| 		#endif
| 
|   ;
|   return 0;
| }
configure:18834: result: no
configure:18859: checking for sched_setscheduler
configure:18859: gcc -o conftest    conftest.c  >&5
configure:18859: $? = 0
configure:18859: result: yes
configure:18859: checking for nanosleep
configure:18859: gcc -o conftest    conftest.c  >&5
configure:18859: $? = 0
configure:18859: result: yes
configure:19026: checking for glib-config
configure:19044: found /usr/bin/glib-config
configure:19057: result: /usr/bin/glib-config
configure:19066: checking for GLIB - version >= 1.2.2
configure:19165: gcc -o conftest  -I/usr/include/glib-1.2 -I/usr/lib/glib/include   conftest.c -L/usr/lib -lglib  >&5
configure:19165: $? = 0
configure:19165: ./conftest
configure:19165: $? = 0
configure:19179: result: yes
configure:19294: checking for gtk-config
configure:19312: found /usr/bin/gtk-config
configure:19325: result: /usr/bin/gtk-config
configure:19334: checking for GTK - version >= 1.2.2
configure:19435: gcc -o conftest  -I/usr/include/gtk-1.2 -I/usr/include/glib-1.2 -I/usr/lib/glib/include -D_REENTRANT   conftest.c -L/usr/lib -lgtk -lgdk -rdynamic -lgmodule -lgthread -lglib -lpthread -ldl -lXi -lXext -lX11 -lm  >&5
configure:19435: $? = 0
configure:19435: ./conftest
configure:19435: $? = 0
configure:19449: result: yes
configure:19522: checking whether time.h and sys/time.h may both be included
configure:19542: gcc -c  -Wall -Wpointer-arith  conftest.c >&5
configure:19542: $? = 0
configure:19549: result: yes
configure:19560: checking sched.h usability
configure:19560: gcc -c  -Wall -Wpointer-arith  conftest.c >&5
configure:19560: $? = 0
configure:19560: result: yes
configure:19560: checking sched.h presence
configure:19560: gcc -E  conftest.c
configure:19560: $? = 0
configure:19560: result: yes
configure:19560: checking for sched.h
configure:19560: result: yes
configure:19572: checking sys/sched.h usability
configure:19572: gcc -c  -Wall -Wpointer-arith  conftest.c >&5
conftest.c:59:23: fatal error: sys/sched.h: No such file or directory
 #include <sys/sched.h>
                       ^
compilation terminated.
configure:19572: $? = 1
configure: failed program was:
| /* confdefs.h */
| #define PACKAGE_NAME ""
| #define PACKAGE_TARNAME ""
| #define PACKAGE_VERSION ""
| #define PACKAGE_STRING ""
| #define PACKAGE_BUGREPORT ""
| #define PACKAGE_URL ""
| #define PACKAGE "libxmms"
| #define VERSION "4.1.3"
| #define STDC_HEADERS 1
| #define HAVE_SYS_TYPES_H 1
| #define HAVE_SYS_STAT_H 1
| #define HAVE_STDLIB_H 1
| #define HAVE_STRING_H 1
| #define HAVE_MEMORY_H 1
| #define HAVE_STRINGS_H 1
| #define HAVE_INTTYPES_H 1
| #define HAVE_STDINT_H 1
| #define HAVE_UNISTD_H 1
| #define HAVE_DLFCN_H 1
| #define HAVE_SCHED_SETSCHEDULER 1
| #define HAVE_NANOSLEEP 1
| #define TIME_WITH_SYS_TIME 1
| #define HAVE_SCHED_H 1
| /* end confdefs.h.  */
| #include <stdio.h>
| #ifdef HAVE_SYS_TYPES_H
| # include <sys/types.h>
| #endif
| #ifdef HAVE_SYS_STAT_H
| # include <sys/stat.h>
| #endif
| #ifdef STDC_HEADERS
| # include <stdlib.h>
| # include <stddef.h>
| #else
| # ifdef HAVE_STDLIB_H
| #  include <stdlib.h>
| # endif
| #endif
| #ifdef HAVE_STRING_H
| # if !defined STDC_HEADERS && defined HAVE_MEMORY_H
| #  include <memory.h>
| # endif
| # include <string.h>
| #endif
| #ifdef HAVE_STRINGS_H
| # include <strings.h>
| #endif
| #ifdef HAVE_INTTYPES_H
| # include <inttypes.h>
| #endif
| #ifdef HAVE_STDINT_H
| # include <stdint.h>
| #endif
| #ifdef HAVE_UNISTD_H
| # include <unistd.h>
| #endif
| #include <sys/sched.h>
configure:19572: result: no
configure:19572: checking sys/sched.h presence
configure:19572: gcc -E  conftest.c
conftest.c:26:23: fatal error: sys/sched.h: No such file or directory
 #include <sys/sched.h>
                       ^
compilation terminated.
configure:19572: $? = 1
configure: failed program was:
| /* confdefs.h */
| #define PACKAGE_NAME ""
| #define PACKAGE_TARNAME ""
| #define PACKAGE_VERSION ""
| #define PACKAGE_STRING ""
| #define PACKAGE_BUGREPORT ""
| #define PACKAGE_URL ""
| #define PACKAGE "libxmms"
| #define VERSION "4.1.3"
| #define STDC_HEADERS 1
| #define HAVE_SYS_TYPES_H 1
| #define HAVE_SYS_STAT_H 1
| #define HAVE_STDLIB_H 1
| #define HAVE_STRING_H 1
| #define HAVE_MEMORY_H 1
| #define HAVE_STRINGS_H 1
| #define HAVE_INTTYPES_H 1
| #define HAVE_STDINT_H 1
| #define HAVE_UNISTD_H 1
| #define HAVE_DLFCN_H 1
| #define HAVE_SCHED_SETSCHEDULER 1
| #define HAVE_NANOSLEEP 1
| #define TIME_WITH_SYS_TIME 1
| #define HAVE_SCHED_H 1
| /* end confdefs.h.  */
| #include <sys/sched.h>
configure:19572: result: no
configure:19572: checking for sys/sched.h
configure:19572: result: no
configure:19584: checking for unistd.h
configure:19584: result: yes
configure:19596: checking sys/time.h usability
configure:19596: gcc -c  -Wall -Wpointer-arith  conftest.c >&5
configure:19596: $? = 0
configure:19596: result: yes
configure:19596: checking sys/time.h presence
configure:19596: gcc -E  conftest.c
configure:19596: $? = 0
configure:19596: result: yes
configure:19596: checking for sys/time.h
configure:19596: result: yes
configure:19647: checking for ld used by GCC
configure:19711: result: /usr/bin/ld -m elf_x86_64
configure:19718: checking if the linker (/usr/bin/ld -m elf_x86_64) is GNU ld
configure:19731: result: yes
configure:19738: checking for shared library run path origin
configure:19751: result: done
configure:20181: checking for iconv
configure:20203: gcc -o conftest  -Wall -Wpointer-arith   conftest.c  >&5
configure:20203: $? = 0
configure:20235: result: yes
configure:20256: checking for iconv declaration
configure:20285: gcc -c  -Wall -Wpointer-arith  conftest.c >&5
configure:20285: $? = 0
configure:20296: result: 
         extern size_t iconv (iconv_t cd, char * *inbuf, size_t *inbytesleft, char * *outbuf, size_t *outbytesleft);
configure:20307: checking for nl_langinfo(CODESET)
configure:20324: gcc -c  -Wall -Wpointer-arith  conftest.c >&5
conftest.c: In function 'main':
conftest.c:34:7: warning: unused variable 'codeset' [-Wunused-variable]
 char *codeset = nl_langinfo (CODESET);
       ^
configure:20324: $? = 0
configure:20331: result: yes
configure:20469: creating ./config.status

## ---------------------- ##
## Running config.status. ##
## ---------------------- ##

This file was extended by config.status, which was
generated by GNU Autoconf 2.69.  Invocation command line was

  CONFIG_FILES    = 
  CONFIG_HEADERS  = 
  CONFIG_LINKS    = 
  CONFIG_COMMANDS = 
  $ ./config.status 

on darkboia

config.status:888: creating Makefile
config.status:991: WARNING:  'Makefile.in' seems to ignore the --datarootdir setting
config.status:888: creating config.h
config.status:1110: executing depfiles commands

## ---------------- ##
## Cache variables. ##
## ---------------- ##

ac_cv_build=x86_64-pc-linux-gnu
ac_cv_c_bigendian=no
ac_cv_c_compiler_gnu=yes
ac_cv_cxx_compiler_gnu=yes
ac_cv_env_CCC_set=
ac_cv_env_CCC_value=
ac_cv_env_CC_set=
ac_cv_env_CC_value=
ac_cv_env_CFLAGS_set=set
ac_cv_env_CFLAGS_value=
ac_cv_env_CPPFLAGS_set=
ac_cv_env_CPPFLAGS_value=
ac_cv_env_CPP_set=
ac_cv_env_CPP_value=
ac_cv_env_CXXCPP_set=
ac_cv_env_CXXCPP_value=
ac_cv_env_CXXFLAGS_set=
ac_cv_env_CXXFLAGS_value=
ac_cv_env_CXX_set=
ac_cv_env_CXX_value=
ac_cv_env_F77_set=
ac_cv_env_F77_value=
ac_cv_env_FFLAGS_set=
ac_cv_env_FFLAGS_value=
ac_cv_env_LDFLAGS_set=
ac_cv_env_LDFLAGS_value=
ac_cv_env_LIBS_set=
ac_cv_env_LIBS_value=
ac_cv_env_build_alias_set=set
ac_cv_env_build_alias_value=x86_64-linux-gnu
ac_cv_env_host_alias_set=
ac_cv_env_host_alias_value=
ac_cv_env_target_alias_set=
ac_cv_env_target_alias_value=
ac_cv_f77_compiler_gnu=no
ac_cv_func_nanosleep=yes
ac_cv_func_sched_setscheduler=yes
ac_cv_header_dlfcn_h=yes
ac_cv_header_inttypes_h=yes
ac_cv_header_memory_h=yes
ac_cv_header_sched_h=yes
ac_cv_header_stdc=yes
ac_cv_header_stdint_h=yes
ac_cv_header_stdlib_h=yes
ac_cv_header_string_h=yes
ac_cv_header_strings_h=yes
ac_cv_header_sys_sched_h=no
ac_cv_header_sys_stat_h=yes
ac_cv_header_sys_time_h=yes
ac_cv_header_sys_types_h=yes
ac_cv_header_time=yes
ac_cv_header_unistd_h=yes
ac_cv_host=x86_64-pc-linux-gnu
ac_cv_objext=o
ac_cv_path_EGREP='/bin/grep -E'
ac_cv_path_GLIB_CONFIG=/usr/bin/glib-config
ac_cv_path_GREP=/bin/grep
ac_cv_path_GTK_CONFIG=/usr/bin/gtk-config
ac_cv_path_install='/usr/bin/install -c'
ac_cv_prog_AWK=gawk
ac_cv_prog_CPP='gcc -E'
ac_cv_prog_CXXCPP='g++ -E'
ac_cv_prog_ac_ct_AR=ar
ac_cv_prog_ac_ct_CC=gcc
ac_cv_prog_ac_ct_CXX=g++
ac_cv_prog_ac_ct_RANLIB=ranlib
ac_cv_prog_ac_ct_STRIP=strip
ac_cv_prog_cc_c89=
ac_cv_prog_cc_g=yes
ac_cv_prog_cxx_g=yes
ac_cv_prog_f77_g=no
ac_cv_prog_make_make_set=yes
acl_cv_hardcode_direct=no
acl_cv_hardcode_libdir_flag_spec='${wl}-rpath ${wl}$libdir'
acl_cv_hardcode_libdir_separator=
acl_cv_hardcode_minus_L=no
acl_cv_libext=a
acl_cv_path_LD='/usr/bin/ld -m elf_x86_64'
acl_cv_prog_gnu_ld=yes
acl_cv_rpath=done
acl_cv_shlibext=so
acl_cv_wl=-Wl,
am_cv_CC_dependencies_compiler_type=gcc3
am_cv_CXX_dependencies_compiler_type=gcc3
am_cv_func_iconv=yes
am_cv_lib_iconv=no
am_cv_proto_iconv='extern size_t iconv (iconv_t cd, char * *inbuf, size_t *inbytesleft, char * *outbuf, size_t *outbytesleft);'
am_cv_proto_iconv_arg1=
lt_cv_deplibs_check_method=pass_all
lt_cv_file_magic_cmd='$MAGIC_CMD'
lt_cv_file_magic_test_file=
lt_cv_ld_reload_flag=-r
lt_cv_objdir=.libs
lt_cv_path_LD=/usr/bin/ld
lt_cv_path_LDCXX='/usr/bin/ld -m elf_x86_64'
lt_cv_path_NM='/usr/bin/nm -B'
lt_cv_path_SED=/bin/sed
lt_cv_prog_compiler_c_o=yes
lt_cv_prog_compiler_c_o_CXX=yes
lt_cv_prog_compiler_rtti_exceptions=no
lt_cv_prog_gnu_ld=yes
lt_cv_prog_gnu_ldcxx=yes
lt_cv_sys_global_symbol_pipe='sed -n -e '\''s/^.*[ 	]\([ABCDGIRSTW][ABCDGIRSTW]*\)[ 	][ 	]*\([_A-Za-z][_A-Za-z0-9]*\)$/\1 \2 \2/p'\'''
lt_cv_sys_global_symbol_to_c_name_address='sed -n -e '\''s/^: \([^ ]*\) $/  {\"\1\", (lt_ptr) 0},/p'\'' -e '\''s/^[BCDEGRST] \([^ ]*\) \([^ ]*\)$/  {"\2", (lt_ptr) \&\2},/p'\'''
lt_cv_sys_global_symbol_to_cdecl='sed -n -e '\''s/^. .* \(.*\)$/extern int \1;/p'\'''
lt_cv_sys_max_cmd_len=32768
lt_lt_cv_prog_compiler_c_o='"yes"'
lt_lt_cv_prog_compiler_c_o_CXX='"yes"'
lt_lt_cv_sys_global_symbol_pipe='"sed -n -e '\''s/^.*[ 	]\\([ABCDGIRSTW][ABCDGIRSTW]*\\)[ 	][ 	]*\\([_A-Za-z][_A-Za-z0-9]*\\)\$/\\1 \\2 \\2/p'\''"'
lt_lt_cv_sys_global_symbol_to_c_name_address='"sed -n -e '\''s/^: \\([^ ]*\\) \$/  {\\\"\\1\\\", (lt_ptr) 0},/p'\'' -e '\''s/^[BCDEGRST] \\([^ ]*\\) \\([^ ]*\\)\$/  {\"\\2\", (lt_ptr) \\&\\2},/p'\''"'
lt_lt_cv_sys_global_symbol_to_cdecl='"sed -n -e '\''s/^. .* \\(.*\\)\$/extern int \\1;/p'\''"'
xmms_cv_func_langinfo=yes

## ----------------- ##
## Output variables. ##
## ----------------- ##

ACLOCAL='${SHELL} /home/rafael2k/programs/audio/dmms/trunk/missing --run aclocal-1.9'
AMDEPBACKSLASH='\'
AMDEP_FALSE='#'
AMDEP_TRUE=''
AMTAR='${SHELL} /home/rafael2k/programs/audio/dmms/trunk/missing --run tar'
AR='ar'
AUTOCONF='${SHELL} /home/rafael2k/programs/audio/dmms/trunk/missing --run autoconf'
AUTOHEADER='${SHELL} /home/rafael2k/programs/audio/dmms/trunk/missing --run autoheader'
AUTOMAKE='${SHELL} /home/rafael2k/programs/audio/dmms/trunk/missing --run automake-1.9'
AWK='gawk'
CC='gcc'
CCDEPMODE='depmode=gcc3'
CFLAGS=' -Wall -Wpointer-arith'
CPP='gcc -E'
CPPFLAGS=''
CXX='g++'
CXXCPP='g++ -E'
CXXDEPMODE='depmode=gcc3'
CXXFLAGS='-g -O2'
CYGPATH_W='echo'
DEFS='-DHAVE_CONFIG_H'
DEPDIR='.deps'
ECHO='echo'
ECHO_C=''
ECHO_N='-n'
ECHO_T=''
EGREP='/bin/grep -E'
EXEEXT=''
F77=''
FFLAGS=''
GLIB_CFLAGS='-I/usr/include/glib-1.2 -I/usr/lib/glib/include'
GLIB_CONFIG='/usr/bin/glib-config'
GLIB_LIBS='-L/usr/lib -lglib'
GREP='/bin/grep'
GTK_CFLAGS='-I/usr/include/gtk-1.2 -I/usr/include/glib-1.2 -I/usr/lib/glib/include -D_REENTRANT'
GTK_CONFIG='/usr/bin/gtk-config'
GTK_LIBS='-L/usr/lib -lgtk -lgdk -rdynamic -lgmodule -lgthread -lglib -lpthread -ldl -lXi -lXext -lX11 -lm'
INSTALL_DATA='${INSTALL} -m 644'
INSTALL_PROGRAM='${INSTALL}'
INSTALL_SCRIPT='${INSTALL}'
INSTALL_STRIP_PROGRAM='${SHELL} $(install_sh) -c -s'
LDFLAGS=''
LIBICONV=''
LIBOBJS=''
LIBS=''
LIBTOOL='$(SHELL) $(top_builddir)/libtool'
LIBXMMS_MAJOR_VERSION='4'
LIBXMMS_MICRO_VERSION='3'
LIBXMMS_MINOR_VERSION='1'
LN_S='ln -s'
LTLIBICONV=''
LTLIBOBJS=''
MAKEINFO='${SHELL} /home/rafael2k/programs/audio/dmms/trunk/missing --run makeinfo'
OBJEXT='o'
PACKAGE='libxmms'
PACKAGE_BUGREPORT=''
PACKAGE_NAME=''
PACKAGE_STRING=''
PACKAGE_TARNAME=''
PACKAGE_URL=''
PACKAGE_VERSION=''
PATH_SEPARATOR=':'
POSIX_LIBS=''
RANLIB='ranlib'
SET_MAKE=''
SHELL='/bin/bash'
STRIP='strip'
VERSION='4.1.3'
ac_ct_CC='gcc'
ac_ct_CXX='g++'
ac_ct_F77=''
ac_prefix_program=''
am__fastdepCC_FALSE='#'
am__fastdepCC_TRUE=''
am__fastdepCXX_FALSE='#'
am__fastdepCXX_TRUE=''
am__include='include'
am__leading_dot='.'
am__quote=''
am__tar='${AMTAR} chof - "$$tardir"'
am__untar='${AMTAR} xf -'
bindir='${exec_prefix}/bin'
build='x86_64-pc-linux-gnu'
build_alias='x86_64-linux-gnu'
build_cpu='x86_64'
build_os='linux-gnu'
build_vendor='pc'
datadir='${datarootdir}'
datarootdir='${prefix}/share'
docdir='${datarootdir}/doc/${PACKAGE}'
dvidir='${docdir}'
exec_prefix='${prefix}'
host='x86_64-pc-linux-gnu'
host_alias=''
host_cpu='x86_64'
host_os='linux-gnu'
host_vendor='pc'
htmldir='${docdir}'
includedir='${prefix}/include'
infodir='${prefix}/share/info'
install_sh='/home/rafael2k/programs/audio/dmms/trunk/install-sh'
libdir='${exec_prefix}/lib'
libexecdir='${exec_prefix}/libexec'
localedir='${datarootdir}/locale'
localstatedir='${prefix}/var'
mandir='${prefix}/share/man'
mkdir_p='mkdir -p --'
oldincludedir='/usr/include'
pdfdir='${docdir}'
prefix='/usr'
program_transform_name='s,x,x,'
psdir='${docdir}'
sbindir='${exec_prefix}/sbin'
sharedstatedir='${prefix}/com'
sysconfdir='${prefix}/etc'
target_alias=''

## ----------- ##
## confdefs.h. ##
## ----------- ##

/* confdefs.h */
#define PACKAGE_NAME ""
#define PACKAGE_TARNAME ""
#define PACKAGE_VERSION ""
#define PACKAGE_STRING ""
#define PACKAGE_BUGREPORT ""
#define PACKAGE_URL ""
#define PACKAGE "libxmms"
#define VERSION "4.1.3"
#define STDC_HEADERS 1
#define HAVE_SYS_TYPES_H 1
#define HAVE_SYS_STAT_H 1
#define HAVE_STDLIB_H 1
#define HAVE_STRING_H 1
#define HAVE_MEMORY_H 1
#define HAVE_STRINGS_H 1
#define HAVE_INTTYPES_H 1
#define HAVE_STDINT_H 1
#define HAVE_UNISTD_H 1
#define HAVE_DLFCN_H 1
#define HAVE_SCHED_SETSCHEDULER 1
#define HAVE_NANOSLEEP 1
#define TIME_WITH_SYS_TIME 1
#define HAVE_SCHED_H 1
#define HAVE_UNISTD_H 1
#define HAVE_SYS_TIME_H 1
#define HAVE_ICONV 1
#define ICONV_CONST 
#define HAVE_CODESET /**/

configure: exit 0
